<?xml version="1.0" encoding="UTF-8"?>
<testng-results skipped="0" failed="0" total="1" passed="1">
  <reporter-output>
  </reporter-output>
  <suite name="runnerFiles.TestRunner" duration-ms="8771" started-at="2018-09-26T16:05:15Z" finished-at="2018-09-26T16:05:24Z">
    <groups>
      <group name="cucumber">
        <method signature="AbstractTestNGCucumberTests.feature(cucumber.api.testng.CucumberFeatureWrapper)[pri:0, instance:runnerFiles.TestRunner@58651fd0]" name="feature" class="cucumber.api.testng.AbstractTestNGCucumberTests"/>
      </group> <!-- cucumber -->
    </groups>
    <test name="Command line test" duration-ms="8771" started-at="2018-09-26T16:05:15Z" finished-at="2018-09-26T16:05:24Z">
      <class name="runnerFiles.TestRunner">
        <test-method status="PASS" signature="setUpClass()[pri:0, instance:runnerFiles.TestRunner@58651fd0]" name="setUpClass" is-config="true" duration-ms="129" started-at="2018-09-26T21:35:15Z" finished-at="2018-09-26T21:35:15Z">
          <reporter-output>
          </reporter-output>
        </test-method> <!-- setUpClass -->
        <test-method status="PASS" signature="feature(cucumber.api.testng.CucumberFeatureWrapper)[pri:0, instance:runnerFiles.TestRunner@58651fd0]" name="feature" duration-ms="8579" started-at="2018-09-26T21:35:15Z" description="Runs Cucumber Feature" data-provider="features" finished-at="2018-09-26T21:35:24Z">
          <params>
            <param index="0">
              <value>
                <![CDATA[Title of your feature]]>
              </value>
            </param>
          </params>
          <reporter-output>
          </reporter-output>
        </test-method> <!-- feature -->
        <test-method status="PASS" signature="tearDownClass()[pri:0, instance:runnerFiles.TestRunner@58651fd0]" name="tearDownClass" is-config="true" duration-ms="5" started-at="2018-09-26T21:35:24Z" finished-at="2018-09-26T21:35:24Z">
          <reporter-output>
          </reporter-output>
        </test-method> <!-- tearDownClass -->
      </class> <!-- runnerFiles.TestRunner -->
    </test> <!-- Command line test -->
  </suite> <!-- runnerFiles.TestRunner -->
</testng-results>
